<?xml version="1.0" encoding="UTF-8"?>
<!-- Generated by org.testng.reporters.JUnitReportReporter -->
<testsuite hostname="DESKTOP-TODJAB7" failures="0" tests="1" name="testng.datapassingByXml" time="3.697" errors="0" timestamp="2022-11-26T22:55:57 IST" skipped="0">
  <testcase classname="testng.datapassingByXml" name="swagDemo" time="3.697"/>
  <system-out/>
</testsuite> <!-- testng.datapassingByXml -->
