<?xml version="1.0" encoding="UTF-8"?>
<!-- Generated by org.testng.reporters.JUnitReportReporter -->
<testsuite hostname="DESKTOP-TODJAB7" failures="0" tests="1" name="testng.testngByMaven" time="7.124" errors="0" timestamp="2022-11-26T17:18:36 IST" skipped="0">
  <testcase classname="testng.testngByMaven" name="login" time="7.124"/>
  <system-out/>
</testsuite> <!-- testng.testngByMaven -->
