<?xml version="1.0" encoding="UTF-8"?>
<!-- Generated by org.testng.reporters.JUnitReportReporter -->
<testsuite hostname="DESKTOP-TODJAB7" failures="0" tests="5" name="testng.firsttestcasetestNG" time="0.007" errors="0" timestamp="2022-11-26T16:52:11 IST" skipped="0">
  <testcase classname="testng.firsttestcasetestNG" name="edgetest1" time="0.002"/>
  <system-out/>
  <testcase classname="testng.firsttestcasetestNG" name="edgetest1" time="0.001"/>
  <system-out/>
  <testcase classname="testng.firsttestcasetestNG" name="edgetest1" time="0.001"/>
  <system-out/>
  <testcase classname="testng.firsttestcasetestNG" name="chrometest2" time="0.001"/>
  <system-out/>
  <testcase classname="testng.firsttestcasetestNG" name="fftest3" time="0.002"/>
  <system-out/>
</testsuite> <!-- testng.firsttestcasetestNG -->
