<?xml version="1.0" encoding="UTF-8"?>
<!-- Generated by org.testng.reporters.JUnitReportReporter -->
<testsuite hostname="DESKTOP-TODJAB7" failures="0" tests="1" name="testng.propertyDatafilePassing" time="0.011" errors="0" timestamp="2022-11-26T22:32:28 IST" skipped="0">
  <testcase classname="testng.propertyDatafilePassing" name="filepassing" time="0.011"/>
  <system-out/>
</testsuite> <!-- testng.propertyDatafilePassing -->
