<?xml version="1.0" encoding="UTF-8"?>
<!-- Generated by org.testng.reporters.JUnitReportReporter -->
<testsuite hostname="DESKTOP-TODJAB7" failures="0" tests="1" name="testng.swagDemoPropertiesFile" time="7.080" errors="0" timestamp="2022-11-26T22:32:54 IST" skipped="0">
  <testcase classname="testng.swagDemoPropertiesFile" name="f" time="7.080"/>
  <system-out/>
</testsuite> <!-- testng.swagDemoPropertiesFile -->
