<?xml version="1.0" encoding="UTF-8"?>
<!-- Generated by org.testng.reporters.JUnitReportReporter -->
<testsuite hostname="DESKTOP-TODJAB7" failures="0" tests="1" name="againPracticeTESTNG.qawingify" time="4.576" errors="0" timestamp="2023-01-18T12:34:16 IST" skipped="0">
  <testcase classname="againPracticeTESTNG.qawingify" name="firstTestCase" time="4.576"/>
  <system-out/>
</testsuite> <!-- againPracticeTESTNG.qawingify -->
