<?xml version="1.0" encoding="UTF-8"?>
<!-- Generated by org.testng.reporters.JUnitReportReporter -->
<testsuite hostname="DESKTOP-TODJAB7" failures="0" tests="3" name="testng.dataProviderDtaDrivenTesting" time="19.118" errors="0" timestamp="2022-11-27T13:45:21 IST" skipped="0">
  <testcase classname="testng.dataProviderDtaDrivenTesting" name="TestCasesearchGoogle" time="4.906"/>
  <system-out/>
  <testcase classname="testng.dataProviderDtaDrivenTesting" name="TestCasesearchGoogle" time="6.742"/>
  <system-out/>
  <testcase classname="testng.dataProviderDtaDrivenTesting" name="TestCasesearchGoogle" time="7.470"/>
  <system-out/>
</testsuite> <!-- testng.dataProviderDtaDrivenTesting -->
