<?xml version="1.0" encoding="UTF-8"?>
<!-- Generated by org.testng.reporters.JUnitReportReporter -->
<testsuite hostname="DESKTOP-TODJAB7" failures="0" tests="1" name="FreshPracticeJava.FreshPracticeJava.testngByMaven" time="7.232" errors="0" timestamp="2022-11-26T16:33:07 IST" skipped="0">
  <testcase classname="FreshPracticeJava.FreshPracticeJava.testngByMaven" name="login" time="7.232"/>
  <system-out/>
</testsuite> <!-- FreshPracticeJava.FreshPracticeJava.testngByMaven -->
