<?xml version="1.0" encoding="UTF-8"?>
<!-- Generated by org.testng.reporters.JUnitReportReporter -->
<testsuite hostname="DESKTOP-TODJAB7" failures="0" tests="1" name="FreshPracticeJava.FreshPracticeJava.testbgsample" time="60.153" errors="0" timestamp="2022-11-24T14:32:30 IST" skipped="0">
  <testcase classname="FreshPracticeJava.FreshPracticeJava.testbgsample" name="login" time="60.153"/>
  <system-out/>
</testsuite> <!-- FreshPracticeJava.FreshPracticeJava.testbgsample -->
