<?xml version="1.0" encoding="UTF-8"?>
<!-- Generated by org.testng.reporters.JUnitReportReporter -->
<testsuite hostname="DESKTOP-TODJAB7" failures="0" tests="1" name="testng.NewTest" time="0.012" errors="0" timestamp="2022-11-26T20:14:16 IST" skipped="0">
  <testcase classname="testng.NewTest" name="first" time="0.012"/>
  <system-out/>
</testsuite> <!-- testng.NewTest -->
