<?xml version="1.0" encoding="UTF-8"?>
<!-- Generated by org.testng.reporters.JUnitReportReporter -->
<testsuite hostname="DESKTOP-TODJAB7" failures="0" tests="2" name="testng.googleTestClass" time="18.813" errors="0" timestamp="2022-11-26T20:35:28 IST" skipped="0">
  <testcase classname="testng.googleTestClass" name="first" time="9.085"/>
  <system-out/>
  <testcase classname="testng.googleTestClass" name="first" time="9.728"/>
  <system-out/>
</testsuite> <!-- testng.googleTestClass -->
